Arguments: 
  /Users/noah.peller/.nvm/versions/node/v9.2.1/bin/node /usr/local/Cellar/yarn/1.12.3/libexec/bin/yarn.js add --dev eslint eslint-plugin-typescript typescript-parser-eslint

PATH: 
  /Users/noah.peller/.nvm/versions/node/v9.2.1/bin:/usr/local/opt/icu4c/bin:/Users/noah.peller/.rvm/gems/ruby-2.5.1/bin:/Users/noah.peller/.rvm/gems/ruby-2.5.1@global/bin:/Users/noah.peller/.rvm/rubies/ruby-2.5.1/bin:/Users/noah.peller/.rbenv/shims:/usr/local/bin:/usr/bin:/bin:/usr/sbin:/sbin:/opt/X11/bin:/usr/local/opt/icu4c/bin:/Users/noah.peller/.rvm/gems/ruby-2.5.1/bin:/Users/noah.peller/.rvm/gems/ruby-2.5.1@global/bin:/Users/noah.peller/.rvm/rubies/ruby-2.5.1/bin:/Users/noah.peller/.rbenv/shims:/Users/noah.peller/.rvm/bin

Yarn version: 
  1.12.3

Node version: 
  9.2.1

Platform: 
  darwin x64

Trace: 
  Error: https://registry.yarnpkg.com/typescript-parser-eslint: Not found
      at Request.params.callback [as _callback] (/usr/local/Cellar/yarn/1.12.3/libexec/lib/cli.js:65894:18)
      at Request.self.callback (/usr/local/Cellar/yarn/1.12.3/libexec/lib/cli.js:129018:22)
      at Request.emit (events.js:159:13)
      at Request.<anonymous> (/usr/local/Cellar/yarn/1.12.3/libexec/lib/cli.js:129990:10)
      at Request.emit (events.js:159:13)
      at IncomingMessage.<anonymous> (/usr/local/Cellar/yarn/1.12.3/libexec/lib/cli.js:129912:12)
      at Object.onceWrapper (events.js:254:19)
      at IncomingMessage.emit (events.js:164:20)
      at endReadableNT (_stream_readable.js:1054:12)
      at _combinedTickCallback (internal/process/next_tick.js:138:11)

npm manifest: 
  {
    "name": "daytripper",
    "version": "1.0.0",
    "description": "a minimal calendar for react",
    "main": "index.js",
    "author": "Noah Peller <napeller@gmail.com>",
    "license": "MIT",
    "scripts": {
      "build": "tsc"
    },
    "peerDependencies": {
      "date-fns": "^1.30.1",
      "react": "^16.7.0"
    },
    "devDependencies": {
      "@types/date-fns": "^2.6.0",
      "@types/react": "^16.7.18",
      "date-fns": "^1.30.1",
      "react": "^16.7.0",
      "typescript": "^3.2.2"
    }
  }

yarn manifest: 
  No manifest

Lockfile: 
  # THIS IS AN AUTOGENERATED FILE. DO NOT EDIT THIS FILE DIRECTLY.
  # yarn lockfile v1
  
  
  "@types/date-fns@^2.6.0":
    version "2.6.0"
    resolved "https://registry.yarnpkg.com/@types/date-fns/-/date-fns-2.6.0.tgz#b062ca46562002909be0c63a6467ed173136acc1"
    integrity sha1-sGLKRlYgApCb4MY6ZGftFzE2rME=
    dependencies:
      date-fns "*"
  
  "@types/prop-types@*":
    version "15.5.8"
    resolved "https://registry.yarnpkg.com/@types/prop-types/-/prop-types-15.5.8.tgz#8ae4e0ea205fe95c3901a5a1df7f66495e3a56ce"
    integrity sha512-3AQoUxQcQtLHsK25wtTWIoIpgYjH3vSDroZOUr7PpCHw/jLY1RB9z9E8dBT/OSmwStVgkRNvdh+ZHNiomRieaw==
  
  "@types/react@^16.7.18":
    version "16.7.18"
    resolved "https://registry.yarnpkg.com/@types/react/-/react-16.7.18.tgz#f4ce0d539a893dd61e36cd11ae3a5e54f5a48337"
    integrity sha512-Tx4uu3ppK53/iHk6VpamMP3f3ahfDLEVt3ZQc8TFm30a1H3v9lMsCntBREswZIW/SKrvJjkb3Hq8UwO6GREBng==
    dependencies:
      "@types/prop-types" "*"
      csstype "^2.2.0"
  
  csstype@^2.2.0:
    version "2.5.8"
    resolved "https://registry.yarnpkg.com/csstype/-/csstype-2.5.8.tgz#4ce5aa16ea0d562ef9105fa3ae2676f199586a35"
    integrity sha512-r4DbsyNJ7slwBSKoGesxDubRWJ71ghG8W2+1HcsDlAo12KGca9dDLv0u98tfdFw7ldBdoA7XmCnI6Q8LpAJXaQ==
  
  date-fns@*, date-fns@^1.30.1:
    version "1.30.1"
    resolved "https://registry.yarnpkg.com/date-fns/-/date-fns-1.30.1.tgz#2e71bf0b119153dbb4cc4e88d9ea5acfb50dc05c"
    integrity sha512-hBSVCvSmWC+QypYObzwGOd9wqdDpOt+0wl0KbU+R+uuZBS1jN8VsD1ss3irQDknRj5NvxiTF6oj/nDRnN/UQNw==
  
  "js-tokens@^3.0.0 || ^4.0.0":
    version "4.0.0"
    resolved "https://registry.yarnpkg.com/js-tokens/-/js-tokens-4.0.0.tgz#19203fb59991df98e3a287050d4647cdeaf32499"
    integrity sha512-RdJUflcE3cUzKiMqQgsCu06FPu9UdIJO0beYbPhHN4k6apgJtifcoCtT9bcxOpYBtpD2kCM6Sbzg4CausW/PKQ==
  
  loose-envify@^1.1.0, loose-envify@^1.3.1:
    version "1.4.0"
    resolved "https://registry.yarnpkg.com/loose-envify/-/loose-envify-1.4.0.tgz#71ee51fa7be4caec1a63839f7e682d8132d30caf"
    integrity sha512-lyuxPGr/Wfhrlem2CL/UcnUc1zcqKAImBDzukY7Y5F/yQiNdko6+fRLevlw1HgMySw7f611UIY408EtxRSoK3Q==
    dependencies:
      js-tokens "^3.0.0 || ^4.0.0"
  
  object-assign@^4.1.1:
    version "4.1.1"
    resolved "https://registry.yarnpkg.com/object-assign/-/object-assign-4.1.1.tgz#2109adc7965887cfc05cbbd442cac8bfbb360863"
    integrity sha1-IQmtx5ZYh8/AXLvUQsrIv7s2CGM=
  
  prop-types@^15.6.2:
    version "15.6.2"
    resolved "https://registry.yarnpkg.com/prop-types/-/prop-types-15.6.2.tgz#05d5ca77b4453e985d60fc7ff8c859094a497102"
    integrity sha512-3pboPvLiWD7dkI3qf3KbUe6hKFKa52w+AE0VCqECtf+QHAKgOL37tTaNCnuX1nAAQ4ZhyP+kYVKf8rLmJ/feDQ==
    dependencies:
      loose-envify "^1.3.1"
      object-assign "^4.1.1"
  
  react@^16.7.0:
    version "16.7.0"
    resolved "https://registry.yarnpkg.com/react/-/react-16.7.0.tgz#b674ec396b0a5715873b350446f7ea0802ab6381"
    integrity sha512-StCz3QY8lxTb5cl2HJxjwLFOXPIFQp+p+hxQfc8WE0QiLfCtIlKj8/+5tjjKm8uSTlAW+fCPaavGFS06V9Ar3A==
    dependencies:
      loose-envify "^1.1.0"
      object-assign "^4.1.1"
      prop-types "^15.6.2"
      scheduler "^0.12.0"
  
  scheduler@^0.12.0:
    version "0.12.0"
    resolved "https://registry.yarnpkg.com/scheduler/-/scheduler-0.12.0.tgz#8ab17699939c0aedc5a196a657743c496538647b"
    integrity sha512-t7MBR28Akcp4Jm+QoR63XgAi9YgCUmgvDHqf5otgAj4QvdoBE4ImCX0ffehefePPG+aitiYHp0g/mW6s4Tp+dw==
    dependencies:
      loose-envify "^1.1.0"
      object-assign "^4.1.1"
  
  typescript@^3.2.2:
    version "3.2.2"
    resolved "https://registry.yarnpkg.com/typescript/-/typescript-3.2.2.tgz#fe8101c46aa123f8353523ebdcf5730c2ae493e5"
    integrity sha512-VCj5UiSyHBjwfYacmDuc/NOk4QQixbE+Wn7MFJuS0nRuPQbof132Pw4u53dm264O8LPc2MVsc7RJNml5szurkg==
